[INFO] Installing Kyverno from infra/k8s/addons/kyverno
namespace/kyverno serverside-applied
customresourcedefinition.apiextensions.k8s.io/cleanuppolicies.kyverno.io serverside-applied
customresourcedefinition.apiextensions.k8s.io/clustercleanuppolicies.kyverno.io serverside-applied
customresourcedefinition.apiextensions.k8s.io/clusterephemeralreports.reports.kyverno.io serverside-applied
customresourcedefinition.apiextensions.k8s.io/clusterpolicies.kyverno.io serverside-applied
customresourcedefinition.apiextensions.k8s.io/clusterpolicyreports.wgpolicyk8s.io serverside-applied
customresourcedefinition.apiextensions.k8s.io/deletingpolicies.policies.kyverno.io serverside-applied
customresourcedefinition.apiextensions.k8s.io/ephemeralreports.reports.kyverno.io serverside-applied
customresourcedefinition.apiextensions.k8s.io/generatingpolicies.policies.kyverno.io serverside-applied
customresourcedefinition.apiextensions.k8s.io/globalcontextentries.kyverno.io serverside-applied
customresourcedefinition.apiextensions.k8s.io/imagevalidatingpolicies.policies.kyverno.io serverside-applied
customresourcedefinition.apiextensions.k8s.io/mutatingpolicies.policies.kyverno.io serverside-applied
customresourcedefinition.apiextensions.k8s.io/namespaceddeletingpolicies.policies.kyverno.io serverside-applied
customresourcedefinition.apiextensions.k8s.io/namespacedimagevalidatingpolicies.policies.kyverno.io serverside-applied
customresourcedefinition.apiextensions.k8s.io/namespacedvalidatingpolicies.policies.kyverno.io serverside-applied
customresourcedefinition.apiextensions.k8s.io/policies.kyverno.io serverside-applied
customresourcedefinition.apiextensions.k8s.io/policyexceptions.kyverno.io serverside-applied
customresourcedefinition.apiextensions.k8s.io/policyexceptions.policies.kyverno.io serverside-applied
customresourcedefinition.apiextensions.k8s.io/policyreports.wgpolicyk8s.io serverside-applied
customresourcedefinition.apiextensions.k8s.io/updaterequests.kyverno.io serverside-applied
customresourcedefinition.apiextensions.k8s.io/validatingpolicies.policies.kyverno.io serverside-applied
serviceaccount/kyverno-admission-controller serverside-applied
serviceaccount/kyverno-background-controller serverside-applied
serviceaccount/kyverno-cleanup-controller serverside-applied
serviceaccount/kyverno-reports-controller serverside-applied
role.rbac.authorization.k8s.io/kyverno:admission-controller serverside-applied
role.rbac.authorization.k8s.io/kyverno:background-controller serverside-applied
role.rbac.authorization.k8s.io/kyverno:cleanup-controller serverside-applied
role.rbac.authorization.k8s.io/kyverno:reports-controller serverside-applied
clusterrole.rbac.authorization.k8s.io/kyverno:admission-controller serverside-applied
clusterrole.rbac.authorization.k8s.io/kyverno:admission-controller:core serverside-applied
clusterrole.rbac.authorization.k8s.io/kyverno:background-controller serverside-applied
clusterrole.rbac.authorization.k8s.io/kyverno:background-controller:core serverside-applied
clusterrole.rbac.authorization.k8s.io/kyverno:cleanup-controller serverside-applied
clusterrole.rbac.authorization.k8s.io/kyverno:cleanup-controller:core serverside-applied
clusterrole.rbac.authorization.k8s.io/kyverno:rbac:admin:policies serverside-applied
clusterrole.rbac.authorization.k8s.io/kyverno:rbac:admin:policyreports serverside-applied
clusterrole.rbac.authorization.k8s.io/kyverno:rbac:admin:reports serverside-applied
clusterrole.rbac.authorization.k8s.io/kyverno:rbac:admin:updaterequests serverside-applied
clusterrole.rbac.authorization.k8s.io/kyverno:rbac:view:policies serverside-applied
clusterrole.rbac.authorization.k8s.io/kyverno:rbac:view:policyreports serverside-applied
clusterrole.rbac.authorization.k8s.io/kyverno:rbac:view:reports serverside-applied
clusterrole.rbac.authorization.k8s.io/kyverno:rbac:view:updaterequests serverside-applied
clusterrole.rbac.authorization.k8s.io/kyverno:reports-controller serverside-applied
clusterrole.rbac.authorization.k8s.io/kyverno:reports-controller:core serverside-applied
rolebinding.rbac.authorization.k8s.io/kyverno:admission-controller serverside-applied
rolebinding.rbac.authorization.k8s.io/kyverno:background-controller serverside-applied
rolebinding.rbac.authorization.k8s.io/kyverno:cleanup-controller serverside-applied
rolebinding.rbac.authorization.k8s.io/kyverno:reports-controller serverside-applied
clusterrolebinding.rbac.authorization.k8s.io/kyverno:admission-controller serverside-applied
clusterrolebinding.rbac.authorization.k8s.io/kyverno:admission-controller:view serverside-applied
clusterrolebinding.rbac.authorization.k8s.io/kyverno:background-controller serverside-applied
clusterrolebinding.rbac.authorization.k8s.io/kyverno:background-controller:view serverside-applied
clusterrolebinding.rbac.authorization.k8s.io/kyverno:cleanup-controller serverside-applied
clusterrolebinding.rbac.authorization.k8s.io/kyverno:reports-controller serverside-applied
clusterrolebinding.rbac.authorization.k8s.io/kyverno:reports-controller:view serverside-applied
configmap/kyverno serverside-applied
configmap/kyverno-metrics serverside-applied
service/kyverno-background-controller-metrics serverside-applied
service/kyverno-cleanup-controller serverside-applied
service/kyverno-cleanup-controller-metrics serverside-applied
service/kyverno-reports-controller-metrics serverside-applied
service/kyverno-svc serverside-applied
service/kyverno-svc-metrics serverside-applied
deployment.apps/kyverno-admission-controller serverside-applied
deployment.apps/kyverno-background-controller serverside-applied
deployment.apps/kyverno-cleanup-controller serverside-applied
deployment.apps/kyverno-reports-controller serverside-applied
[INFO] Waiting for Kyverno deployments to become available
deployment.apps/kyverno-admission-controller condition met
deployment.apps/kyverno-background-controller condition met
deployment.apps/kyverno-cleanup-controller condition met
deployment.apps/kyverno-reports-controller condition met
[INFO] Waiting 30s for Kyverno admission webhook endpoints to warm up
[INFO] Rendering Kyverno policies from infra/k8s/policies/kyverno
[INFO] Server-side dry-run for Kyverno policies from infra/k8s/policies/kyverno (1/6)
[INFO] Applying Kyverno policies from infra/k8s/policies/kyverno
clusterpolicy.kyverno.io/securerag-audit-cleartext-env-values serverside-applied
clusterpolicy.kyverno.io/securerag-require-pod-security serverside-applied
clusterpolicy.kyverno.io/securerag-require-workload-controls serverside-applied
clusterpolicy.kyverno.io/securerag-restrict-image-references serverside-applied
clusterpolicy.kyverno.io/securerag-restrict-service-exposure serverside-applied
clusterpolicy.kyverno.io/securerag-restrict-volume-types serverside-applied
clusterpolicy.kyverno.io/securerag-verify-cosign-images serverside-applied
[INFO] Kyverno installation completed
NAME                                             READY   STATUS    RESTARTS   AGE
kyverno-admission-controller-7ff48568bf-6jjtd    1/1     Running   0          157m
kyverno-background-controller-85999778c9-mhxk2   1/1     Running   0          157m
kyverno-cleanup-controller-7b74646946-6rjjg      1/1     Running   0          157m
kyverno-reports-controller-86d8747f78-n6f4z      1/1     Running   0          157m
NAME                                   ADMISSION   BACKGROUND   READY   AGE    MESSAGE
securerag-audit-cleartext-env-values   true        true         True    156m   Ready
securerag-require-pod-security         true        true         True    156m   Ready
securerag-require-workload-controls    true        true         True    156m   Ready
securerag-restrict-image-references    true        true         True    156m   Ready
securerag-restrict-service-exposure    true        true         True    156m   Ready
securerag-restrict-volume-types        true        true         True    156m   Ready
securerag-verify-cosign-images         true        false        True    156m   Ready
NAMESPACE       NAME                                                               KIND         NAME                                      PASS   FAIL   WARN   ERROR   SKIP   AGE
securerag-hub   policyreport.wgpolicyk8s.io/03f73506-96ab-4300-8730-4d821bfe7eb2   Deployment   conversation-service                      5      1      0      0       0      156m
securerag-hub   policyreport.wgpolicyk8s.io/08aec842-a907-42e6-8aa3-826491530446   ReplicaSet   auth-users-58df94bcb8                     4      0      0      0       0      156m
securerag-hub   policyreport.wgpolicyk8s.io/08ed2f51-b714-41cd-82dc-17e93fb40b84   Pod          auth-users-58df94bcb8-2cbgb               6      0      0      0       0      156m
securerag-hub   policyreport.wgpolicyk8s.io/10d2332e-d6f2-4d32-ba9c-4294d8f71275   Pod          portal-web-6859f8c7b7-kjdgj               6      0      0      0       0      156m
securerag-hub   policyreport.wgpolicyk8s.io/1965aabc-b568-4845-bb12-dd5a04c6761f   ReplicaSet   portal-web-676676cbdf                     4      0      0      0       0      156m
securerag-hub   policyreport.wgpolicyk8s.io/1ec40370-ef54-4025-9ecb-12d4d4de86eb   ReplicaSet   audit-security-service-568984ff67         4      0      0      0       0      156m
securerag-hub   policyreport.wgpolicyk8s.io/1f4cfed8-f22c-49d5-9035-e3d7ecdb3795   Pod          conversation-service-6c9f48ff84-tk7zx     6      0      0      0       0      156m
securerag-hub   policyreport.wgpolicyk8s.io/216004af-8d94-443c-bcd3-3aa436e568f1   ReplicaSet   conversation-service-749bb7fc99           4      0      0      0       0      156m
securerag-hub   policyreport.wgpolicyk8s.io/44561ac1-9616-4527-b1ba-4f9d20f0a90f   Deployment   portal-web                                5      1      0      0       0      156m
securerag-hub   policyreport.wgpolicyk8s.io/56bee8be-968d-4b51-b213-e9dac6f53c96   ReplicaSet   portal-web-6859f8c7b7                     4      0      0      0       0      156m
securerag-hub   policyreport.wgpolicyk8s.io/6378e464-7319-45a5-bf23-f96f224c0cbc   Pod          chatbot-manager-659cdc7cdc-db6dr          6      0      0      0       0      156m
securerag-hub   policyreport.wgpolicyk8s.io/65edc1f5-fb8a-4779-b942-bf7b2d350297   Pod          audit-security-service-568984ff67-mmgg7   6      0      0      0       0      156m
securerag-hub   policyreport.wgpolicyk8s.io/6fc3a056-f3d6-4a7d-8485-f71252fd5a06   Pod          portal-web-6859f8c7b7-k64rs               6      0      0      0       0      156m
securerag-hub   policyreport.wgpolicyk8s.io/7598095a-54b1-4f13-8b84-670356654408   ReplicaSet   audit-security-service-b6b5b766d          4      0      0      0       0      156m
securerag-hub   policyreport.wgpolicyk8s.io/7bd50a1d-c515-4224-bb58-e8c285938307   Deployment   auth-users                                5      1      0      0       0      156m
securerag-hub   policyreport.wgpolicyk8s.io/7de21b8d-7b2d-452d-89c1-227d45b7cac6   Pod          audit-security-service-568984ff67-pjtzt   6      0      0      0       0      156m
securerag-hub   policyreport.wgpolicyk8s.io/89783974-2085-42f0-a2d5-b8a1001be76f   Deployment   chatbot-manager                           5      1      0      0       0      156m
securerag-hub   policyreport.wgpolicyk8s.io/9eba446d-e217-403b-9ae4-8354f139fd3f   Pod          portal-web-6859f8c7b7-lwthj               6      0      0      0       0      156m
securerag-hub   policyreport.wgpolicyk8s.io/a923338c-173d-4cb6-b2e0-308dc4c3596d   Pod          conversation-service-6c9f48ff84-z8qhh     6      0      0      0       0      156m
securerag-hub   policyreport.wgpolicyk8s.io/adc5e9bf-b5dc-454f-a1b2-659f56800259   Service      audit-security-service                    1      0      0      0       0      156m
securerag-hub   policyreport.wgpolicyk8s.io/af7a79fb-4fae-4c5c-99c4-c48f6f75c9d7   ReplicaSet   conversation-service-6c9f48ff84           4      0      0      0       0      156m
securerag-hub   policyreport.wgpolicyk8s.io/b259dc35-8405-47f8-9dd7-a9f46cb1ffa5   Service      conversation-service                      1      0      0      0       0      156m
securerag-hub   policyreport.wgpolicyk8s.io/b30550fa-4323-49f7-991b-7b2bc4a2645b   Pod          auth-users-58df94bcb8-ncghs               6      0      0      0       0      156m
securerag-hub   policyreport.wgpolicyk8s.io/c817afc3-0cf7-4167-867e-79c0cef7559f   ReplicaSet   chatbot-manager-5fcdb45757                4      0      0      0       0      156m
securerag-hub   policyreport.wgpolicyk8s.io/cb2ea73e-d98e-4e97-bf27-57d3aab7356d   Service      portal-web                                1      0      0      0       0      156m
securerag-hub   policyreport.wgpolicyk8s.io/d218a986-d8d3-42ff-b2c9-af62855acc89   Deployment   audit-security-service                    5      1      0      0       0      156m
securerag-hub   policyreport.wgpolicyk8s.io/d47a51cf-e4d5-413b-911e-7a97dc540695   Service      auth-users                                1      0      0      0       0      156m
securerag-hub   policyreport.wgpolicyk8s.io/de9d6614-8d80-4b4f-a848-1a9c67bc5889   ReplicaSet   auth-users-697479f954                     4      0      0      0       0      156m
securerag-hub   policyreport.wgpolicyk8s.io/e85d1e13-5f5d-4f88-ba41-93b2cc3d8fe5   Service      chatbot-manager                           1      0      0      0       0      156m
securerag-hub   policyreport.wgpolicyk8s.io/ef190e8b-9559-4fb8-a1de-fc3f4e49aabd   Pod          chatbot-manager-659cdc7cdc-25cgq          6      0      0      0       0      156m
securerag-hub   policyreport.wgpolicyk8s.io/f6641f60-9055-4222-a9f1-9f2a9c93fa0c   ReplicaSet   chatbot-manager-659cdc7cdc                4      0      0      0       0      156m
